288b41c7c TEZ-4533: Source release distribution must not contain TestIFile_concatenated_compressed.bin
07d2eba04 TEZ-4530: Distribution years in NOTICE files are incorrect (#327) (Stamatis Zampetakis reviewed by Laszlo Bodor)
c56f56418 TEZ-4526: Avoid calling LocationProvider#getPreferredLocations multiple times while generating grouped splits (#323) - CHANGES.txt
cbac6942f TEZ-4526: Avoid calling LocationProvider#getPreferredLocations multiple times while generating grouped splits (#323)
5eb4200cb TEZ-4529: Apache Tez Release 0.10.3 - version bump
4f455cd53 TEZ-4529: Apache Tez Release 0.10.3 - CHANGES.TXT
174d0d13f TEZ-4039: Addendum: Tez should inject dag id, query id into MDC. (#325) (Ayush Saxena reviewed by Laszlo Bodor)
2dcdeba63 TEZ-4520: Enable Parallel Compilation for TEZ (#315) (JiaLiangC reviewed by Laszlo Bodor)
4cba79e56 TEZ-4494: Addressing CVE-2022-41881 - Netty vulnerability (#287) ( Sercan Tekin reviewed by Laszlo Bodor)
a9655eeaf TEZ-4525: Remove broken links from site (#322)
3bc73f3c9 TEZ-4524 - Upgrade commons-codec to 1.15 (#321) (Bilwa S T reviewed by Laszlo Bodor)
0c5cf6886 TEZ-4522: Use OpenFile where FileStatus is available. (#318) (Ayush Saxena reviewed by Laszlo Bodor)
0ed5e3296 TEZ-4523: Findbugs build is broken tez-tfile-parser. (#319) (Ayush Saxena reviewed by Laszlo Bodor)
43562adc3 TEZ-4521: Partition stats should be always uncompressed size (#317) (okumin reviewed by Laszlo Bodor)
51d6f5396 TEZ-3821: Ability to fail fast tasks that write too much to local disk. (#314) (Ayush Saxena reviewed by Rajesh Balamohan)
4bc87e250 TEZ-4110: Make Tez fail fast when DFS quota is exceeded. (#313)
5bba1fffd TEZ-4516: Fix log lines with incorrect placeholders. (#310) (Ayush Saxena reviewed by Laszlo Bodor)
f5beba989 TEZ-4517: Upgrade commons-collection4 to 4.4. (#311) (Ayush Saxena reviewed by Laszlo Bodor)
2ad10b61a TEZ-4514: Reduce Some FileSystem Calls. (#309) (Ayush Saxena reviewed by Laszlo Bodor)
7855c1fe0 TEZ-4506: Report the node of a task attempt failure better. (#307) (Ayush Saxena reviewed by Laszlo Bodor)
b643f9bcd TEZ-2119: Counter for launched containers (#301) (Laszlo Bodor reviewed by Jonathan Eagles and Ayush Saxena)
4b97acb53 TEZ-1037: Replace multiple members in TaskAttemptImpl for container related stuff with a single reference to the container. (#305) (Ayush Saxena reviewed by Laszlo Bodor)
5beab4ced TEZ-4504: Upgrade Guava to 32.0.1 due to CVE-2023-2976. (#303) (Ayush Saxena reviewed by Laszlo Bodor)
a9c5365a5 TEZ-4344: Collect jstack periodically from all containers. (#299) (Ayush Saxena reviewed by Laszlo Bodor)
50380751b TEZ-4493: Upgrade Hadoop to 3.3.6. (#285) (Ayush Saxena reviewed by Laszlo Bodor)
7a56e9bd9 TEZ-4432: Remove useless maybeAddDefaultLoggingJavaOpts from TezClientUtils. (#297) (Ayush Saxena reviewed by Laszlo Bodor)
154fd341d TEZ-4472: Use unique DAG names in tests. (#293) (Ayush Saxena reviewed by Laszlo Bodor)
7e0448dac TEZ-4473: Remove pointless MDC_LOGGING message from logs if there is no custom MDC key. (#294) (Ayush Saxena reviewed by Laszlo Bodor)
9aeb17b4b TEZ-4250: Optimise TaskImpl::getCounters. (#295) (Ayush Saxena reviewed by Rajesh Balamohan)
d20f3347d TEZ-4478: Refactor dependency versions into properties in pom. (#291) (Ayush Saxena reviewed by Laszlo Bodor)
a1a8f2050 TEZ-4495: mvnsite fails for some modules - No public or protected classes found to document (#288)
86b11997b TEZ-4496: Tez precommit fails while building yetus image - no alternatives for some executables (#289)
987ec5493 TEZ-4470: typo fixes (#264) (Michal Lorek reviewed by Laszlo Bodor)
6722ef334 TEZ-4467: Migrate from Travis CI to GitHub Actions - pt2: remove .travis.yml (Laszlo Bodor reviewed by Ayush Saxena)
ccad71dab TEZ-4492: Update Bowerrc to use bower.herokuapp mirror to avoid Bower Registry CERT_EXPIRE issue (BOWER-2608) (#284) (Anmol Sundaram reviewed by Laszlo Bodor)
249e017b3 TEZ-4488: TaskSchedulerManager might not be initialized when the first DAG comes (#280) (Laszlo Bodor reviewed by Rajesh Balamohan)
2fe3c461d TEZ-4487: Add class name profiling option in ProfileServlet (#281) (Dmitriy Fingerman reviewed by Laszlo Bodor)
9a729cd62 TEZ-4483: [CVE-2017-20165, CVE-2017-20165] Upgrade debug to 2.6.9 to fix the vulnerability (Aman Raj reviewed by Laszlo Bodor)
6ca35c1b5 TEZ-4484: [CVE-2022-24999] Upgrade qs from 6.2.3 to 6.2.4 to fix the vulnerability (Aman Raj reviewed by Laszlo Bodor)
f9a657c2d TEZ-4485: Upgrade jettison to 1.5.4 due to CVE-2023-1436 (#279) (Mayank Kunwar reviewed by Laszlo Bodor)
c9ccf1c51 TEZ-4482: Upgrade JUnit to 4.13.2 due to medium CVEs (#276) (Mahesh Raju Somalaraju reviewed by Laszlo Bodor)
25a953677 TEZ-4334: Fix deadlock in ShuffleScheduler between ShuffleScheduler.close() and the ShufflePenaltyReferee thread (#273) (Laszlo Bodor,  Sungwoo Park, reviewed by Rajesh Balamohan)
6bd6f9cdc TEZ-4460: Read timed out in shuffle handler - incorrect usage of EMPTY_LAST_CONTENT and channel write (#257) (Laszlo Bodor reviewed by Rajesh Balamohan, Syed Shameerur Rahman)
051e90f03 TEZ-4394: Netty4 ShuffleHandler: should use 1 boss thread (#256) (Laszlo Bodor reviewed by Rajesh Balamohan)
b73cfcd30 TEZ-4469: Upgrade jettison to 1.5.3 to fix CVE-2022-45685, CVE-2022-45693 (#271) (Bilwa S T reviewed by Laszlo Bodor)
88374f992 Revert "Upgrade jettison to 1.5.3 to fix CVE-2022-45685, CVE-2022-45693 (#271) (Bilwa S T reviewed by Laszlo Bodor)" - missing JIRA
fa51a590c Upgrade jettison to 1.5.3 to fix CVE-2022-45685, CVE-2022-45693 (#271) (Bilwa S T reviewed by Laszlo Bodor)
3e194cb56 TEZ-4474: Added config to fail the DAG status when recovery data is missing (#266) (Mudit Sharma reviewed by Laszlo Bodor)
db9eb1efc TEZ-4420 : Upgrade Hadoop to 3.3.4 (#272) (Aman Raj reviewed by Laszlo Bodor)
be994890d TEZ-4467: Migrate from Travis CI to GitHub Actions (#270) - initial commit started from GitHub UI
97cc788ce TEZ-4475: VertexStatus is missing in TestLocalMode if DAG finishes too early - causing NPE in unit test (#267) (Laszlo Bodor reviewed by Rajesh Balamohan)
e3e91a150 TEZ-4397: Open Tez Input splits asynchronously (#263) (Syed Shameerur Rahman reviewed by Laszlo Bodor, original patch by Ramesh Kumar)
e236f51ef TEZ-4471: Precommit fails while building yetus image - upgrade to Ubuntu Jammy LTS (#265) (Laszlo Bodor reviewed by Rajesh Balamohan, Ayush Saxena)
39e5a8e71 TEZ-4462: update common-codec to 1.13 to fix vulnerability SNYK-JAVA-COMMONSCODEC-561518 (#258) (Dmitriy Fingerman reviewed by Rajesh Balamohan)
4fd2db36c TEZ-4464: Update some links to https (#260) (Arnout Engelen reviewed by Laszlo Bodor)
34d681007 TEZ-4458:Upgrade Bouncy Castle to 1.70 due to high CVEs (#253) (Mayank Kunwar reviewed by Laszlo Bodor)
25fc8c488 Upgraded is-my-json-valid version to 2.20.3 (#250) (Aman Raj reviewed Laszlo Bodor)
2fd7df4cf TEZ-4396 Ensure utility classes have only private (default) constructors + several code refactors (#197) (Gergely Hanko reviewed by Laszlo Bodor)
65f9ee32a TEZ-4455: Add LoggingHandler in ShuffleHandler pipeline for better debuggability. (#249) (Dmitriy Fingerman reviewed by Laszlo Bodor)
8bb27b845 TEZ-4454: remove extra commas. (#246) (slfan1989 reviewed by Laszlo Bodor)
8ebc4b00f TEZ-4450: Shuffle data fetch fails when shuffle data is transferred via CompositeRoutedDataMovementEvent (#243) (Ganesha Shreedhara reviewed by Laszlo Bodor)
dbbd406ae TEZ-4039: Tez should inject dag id, query id into MDC (#98) (Laszlo Bodor reviewed by Rajesh Balamohan, Prasanth Jayachandran)
fc5b6e9df TEZ-4453: Fix Typo of LocalClient. (#245) (slfan1989 reviewed by Laszlo Bodor)
ddb53cb01 TEZ-4448: Cannot submit Tez job when dag size is exceeds `ipc.maximum.data.length` and S3A is the filesystem (#241) (Karel Kolman reviewed by Laszlo Bodor)
40e9e0f6a TEZ-4449: Upgrade jettison to 1.5.1 to fix CVE-2022-40149. (#242) (fanshilun reviewed by Laszlo Bodor)
921de531f TEZ-4431: Apache Tez Release 0.10.2: update SNAPSHOT versions, DOAP file (#234) (Laszlo Bodor reviewed by Rajesh Balamohan, Ayush Saxena)
de88f2a2c TEZ-4447: Collect VertexStatus properly when DAGClientServer is not used (local mode without network) (#239) (Laszlo Bodor reviewed by Rajesh Balamohan)
55b6031fa TEZ-4441: TezAppMaster may stuck because of reportError skip send error event (#236) (zhengchenyu reviewed by Laszlo Bodor)
db915ebaf TEZ-4440. When tez app run in yarn fed cluster, may throw NPE (#235) (zhengchenyu reviewed by Laszlo Bodor)
621a83152 TEZ-4435: use jackson v2 - jackson v1 is EOL and full of security issues (#231) (PJ Fanning reviewed by Laszlo Bodor, Ayush Saxena)




5e31e4d97 [TEZ-4439] Update the protobuf documentation in TEZ codebase (#233) (Aman Raj reviewed by Laszlo Bodor)
c386865e7 TEZ-4363: Bump protobuf dependency to 3.x (#192) (Mark Bathori reviewed by Laszlo Bodor, Aman Raj)
a192ec444 Revert "TEZ-4397 Open Tez Input splits asynchronously"
06fff5c9c TEZ-4430: Fix tez.task.launch.cmd-opts property not working (#228) (Ganesha Shreedhara reviewed by Laszlo Bodor)
be4010410 [TEZ-4427][CVE-2019-10744] Upgrade lodash.merge version to 4.6.2 to fix vulnerability (#229) (Aman Raj reviewed by Nikhil Gupta, Laszlo Bodor)
adcc3138d TEZ-4426: [CVE-2018-1000620] Upgrade cryptiles from 2.0.5 to 4.1.2 (#227) (Aman Raj reviewed by Nikhil Gupta, Laszlo Bodor)
f25831ee4 TEZ-4428: Use protoc-jar-maven-plugin to generate protobuf classes (#218) (Mark Bathori reviewed by Martin Tzvetanov Grigorov, Sylwester Lachiewicz, Laszlo Bodor)
5f181ea32 TEZ-4429: Upgrade guava to 31.1 to fix CVE-2020-8908. (#223) (Ayush Saxena reviewed by Laszlo Bodor)
1ab7fc97c [TEZ-4425][WS-2020-0345] Upgrade jsonpointer version from 4.0.1 to 4.1.0 (#226) (Aman Raj reviewed by Laszlo Bodor)
8ffa32df4 [TEZ-4424][CVE-2021-3918] Upgrade json-schema from 0.2.3 to 0.4.0 to fix the vulnerability (#222) (Aman Raj reviewed by Laszlo Bodor)
c6eb047aa [TEZ-4423][CVE-2021-44906] Upgrade minimist version from 0.0.8 to 1.2.6 to fix the vulnerability (#220)
3da8438e6 [TEZ-4422] [CVE-2021-43138] Upgrade async from 2.3.0 to 2.6.4 to fix the vulnerability. Also an upgrade of yarn version to 1.6.0 and frontend maven plugin to 1.8.0 was done. (#217) (Aman Raj reviewed by Laszlo Bodor)
86dc4fd83 TEZ-4038: Add a /prof profiler endpoint like HiveServer2 has (#212) (Zheenbek Akimzhanov reviewed by Laszlo Bodor)
e5a557802 TEZ-4383: upgrade to mockito 4.3.1 (#190) (Laszlo Attila Toth reviewed by Laszlo Bodor)
cf9e3ff30 TEZ-4421: Missing sudo command in docker image (#214) (Mark Bathori reviewed by Laszlo Bodor)
24a77c93f TEZ-4409: Upgrade async-http-client to 2.12.3 to resolve CVE (#204) (D M Murali Krishna Reddy reviewed by Laszlo Bodor)
ba851fa06 TEZ-4417: Missing wget command in docker image (#210) (Mark Bathori reviewed by Laszlo Bodor)
98a81b1b6 TEZ-4412 ensure mkDirForAM create directory with special permissions (#209) (Zhang Dongsheng reviewed by Laszlo Bodor)
798ddda06 TEZ-4347: Add some diagnostic endpoints to TezAM's WebUIService (#160) (Laszlo Bodor reviewed by Rajesh Balamohan)
75876fcc7 TEZ-4405: Replace log4j 1.x with reload4j (#200) (D M Murali Krishna Reddy reviewed by Laszlo Bodor)
4d1a86070 TEZ-4403: Upgrade SLF4J Version To 1.7.36 (#198) (Syed Shameerur Rahman reviewed by Laszlo Bodor)
2a9495afe TEZ-4411: Update FileSaver dependency (#206) (Nikhil Gupta reviewed by Laszlo Bodor,  Deependra Patel)
9f8d6fbd3 Create a FileSystem for given Path (#201)
627f33077 TEZ-4398: Gitignore pyc files (#199) (Csaba Juhasz reviewed by Laszlo Bodor)
3e452e985 TEZ-4399: ShuffleHandler fails with SSLHandshakeException not found when SSL is enabled (#196) (Himanshu Mishra reviewed by Laszlo Bodor)
f724c5460 TEZ-4397 Open Tez Input splits asynchronously
20873a3a1 TEZ-3363: Delete intermediate data at the vertex level for Shuffle Handler (#60) (Syed Shameerur Rahman reviewed by Laszlo Bodor)
132ea4c1b TEZ-4359: ShuffleHandler: Make sure of properly releasing netty reference counted objects (#194) (Mark Bathori reviewed by Laszlo Bodor)
fa74b9587 TEZ-4388: Asynchttpclient can cause stuck TezChild processes (#189) (Laszlo Bodor reviewed by Rajesh Balamohan)
5241f58a5 TEZ-4300: Download protoc automatically compile/development time (#115)
a495fb69b TEZ-4389: TestSecureShuffle fails if localhost name is different than "localhost" (#191) (Mark Bathori reviewed by Laszlo Bodor)
f62bf12ce TEZ-4384: Remove unused EnvironmentUpdateUtils remaining from TEZ-1837 (#186) (Laszlo Attila Toth reviewed by Laszlo Bodor)
9f4cb3139 TEZ-4379 Tez Hive Queries query page rows does not go over (#183) (Csaba Juhasz, Gergely Hanko reviewed by Laszlo Bodor)
7b66d3da7 TEZ-4227 Introduce convenient methods in TezID subclasses (#166) (Gergely Hanko reviewed by Laszlo Bodor)
6d7ef203c TEZ-4381: Speed up TestSecureShuffle (#180) (Mark Bathori reviewed by Laszlo Bodor)
4e3eb9574 TEZ-4129: Delete intermediate attempt data for failed attempts for Shuffle Handler (#72) (Syed Shameerur Rahman reviewed by Laszlo Bodor)
1176386c9 TEZ-4350: Remove synchronized from DAGAppMaster.serviceInit (#162)
267ca11b4 TEZ-4366: Disk utilization limit fix should be applied to all tez mini clusters (#173)
02d574fd6 TEZ-4369: Upgrade netty to 4.1.72 due to CVE-2021-37136, CVE-2021-37137 (#175)
0210dab45 TEZ-4310: Avoid duplicated precommit comments (#176)
cc8249e93 TEZ-4340: Show convenient input -> output vertex names in input messages (#170) (Csaba Juhasz reviewed by Laszlo Bodor)
0b3f3b69f TEZ-4376: Remove javax.security from the tez-auxservices shaded jar (#177) (Laszlo Bodor reviewed by Jonathan Eagles)
41cbc17aa TEZ-4276: Clean Up Use of Preconditions (#96) (David Mollitor reviewed by Laszlo Bodor)
a6a936dad TEZ-4311: Bump hadoop dependency version to 3.3.x (#132) (Laszlo Bodor reviewed by Jonathan Eagles)
4953f2983 TEZ-4167. Speed up TestPipelinedSorter (#174) (Jonathan Eagles reviewed by Laszlo Bodor)
227c75014 TEZ-4351: ShuffleHandler port should respect value in config (#163) (Laszlo Bodor reviewed by Jonathan Eagles)
7e09dfa50 TEZ-4364: TestFaultTolerance timeout on master (#171) (Laszlo Bodor reviewed by Rajesh Balamohan)
56a7bf46c TEZ-4354: Update netty to 4.1.61.Final (#164) (D M Murali Krishna Reddy reviewed by Laszlo Bodor)
a602a07dc TEZ-4349. DAGClient gets stuck with invalid cached DAGStatus (#161) (Ahmed Hussein reviewed by Laszlo Bodor, Jonathan Eagles)
c9b8e90db TEZ-4270: HeartbeatHandlerBase Does Not Need Stop Condition (#93) (David Mollitor reviewed by Laszlo Bodor)
8f846dcfe TEZ-4303: Exclude compile-time httpclient dependency from Tez (#119) (Laszlo Bodor reviewed by Jonathan Eagles)
bf616b220 TEZ-4294. Tez UI counters missing in settings view (#144) (Jonathan Eagles reviewed by Laszlo Bodor)
8a75317bb TEZ-4353: Update commons-io to 2.8.0 (#165) (D M Murali Krishna Reddy reviewed by Laszlo Bodor)
211b59bf4 TEZ-4338: Tez should consider node information to realize OUTPUT_LOST as early as possible - upstream(mapper) problems (#152) (Laszlo Bodor reviewed by Rajesh Balamohan)
f39a51e58 TEZ-4339: Expose real-time memory consumption of AM and task containers via DagClient (#157) (Laszlo Bodor reviewed by Rajesh Balamohan)
6863a2d99 TEZ-4336: ShuffleScheduler should try to report the original exception (when shuffle becomes unhealthy) (#155) (Laszlo Bodor reviewed by Rajesh Balamohan)
3326978df TEZ-4342: TestSecureShuffle is broken - No subject alternative names present (#158) (Laszlo Bodor reviewed by Rajesh Balamohan)
58fca8bb7 TEZ-4180: Show convenient input -> output vertex names in output/sort messages (#154)
c875b8216 TEZ-4332: Change ASF logo on Tez webpage according to recent guidelines (#148)
0ccf440e6 TEZ-4329. Import external tez component em-table (#146)
e2c4ee084 TEZ-4328. Import external tez component em-helpers (#145)
8c9736532 TEZ-4323: Jetty jars were removed from dist package with TEZ-4114 (#140) (Takanobu Asanuma reviewed by Jonathan Turner Eagles)
fc63c0403 TEZ-4293: Use Tez credentials for CI (#141)
f56075c55 TEZ-4321: Do Not Wrap Singleton Collections (#138)
3f541d06f TEZ-4231: Fix multiple history parser and event converter issues (#123) (Laszlo Bodor reviewed by Rajesh Balamohan)
464d86d8f TEZ-4214. Upgrade RoaringBitmap version to 0.7.45 (#74)
b31501d9b TEZ-4125: Upgrade to Hadoop 3.2.x (#126)
8f3044c9d TEZ-4314: Fix some plugin versions in site generation (#131)
47a59abba TEZ-4267: Remove Superfluous Code from DAGAppMaster (#90)
4684d06be TEZ-4313: Apache Tez Release 0.10.1 (#134)
5eeccf0e3 TEZ-4308: Add Whitespace in ShuffleScheduler Error Message (#122)
984d09c4d TEZ-4275: Use Google Guava Intern Facility (#95)
26b86e764 TEZ-3918. Setting tez.task.log.level does not work
d443ae2b3 TEZ-4298: ShuffleHandler is not source compatible with Hadoop 3.3.0 (#129)
